<?xml version="1.0" encoding="UTF-8"?>
<testng-results skipped="0" failed="0" total="1" passed="1">
  <reporter-output>
  </reporter-output>
  <suite name="mmtSuite" duration-ms="8053" started-at="2018-10-01T05:13:02Z" finished-at="2018-10-01T05:13:10Z">
    <groups>
    </groups>
    <test name="mmtTest" duration-ms="8053" started-at="2018-10-01T05:13:02Z" finished-at="2018-10-01T05:13:10Z">
      <class name="org.mmt.tes.Flight_Test">
        <test-method status="PASS" signature="test1()[pri:0, instance:org.mmt.tes.Flight_Test@735f7ae5]" name="test1" duration-ms="8009" started-at="2018-10-01T10:43:02Z" finished-at="2018-10-01T10:43:10Z">
          <reporter-output>
          </reporter-output>
        </test-method> <!-- test1 -->
      </class> <!-- org.mmt.tes.Flight_Test -->
    </test> <!-- mmtTest -->
  </suite> <!-- mmtSuite -->
</testng-results>
