<?xml version="1.0" encoding="UTF-8"?>
<testng-results skipped="0" failed="0" total="1" passed="1">
  <reporter-output>
  </reporter-output>
  <suite name="mmtSuite" duration-ms="6864" started-at="2018-10-01T04:53:54Z" finished-at="2018-10-01T04:54:01Z">
    <groups>
    </groups>
    <test name="mmtTest" duration-ms="6864" started-at="2018-10-01T04:53:54Z" finished-at="2018-10-01T04:54:01Z">
      <class name="org.mmt.tes.Flight_Test">
        <test-method status="PASS" signature="test1()[pri:0, instance:org.mmt.tes.Flight_Test@482f8f11]" name="test1" duration-ms="6831" started-at="2018-10-01T10:23:54Z" finished-at="2018-10-01T10:24:01Z">
          <reporter-output>
          </reporter-output>
        </test-method> <!-- test1 -->
      </class> <!-- org.mmt.tes.Flight_Test -->
    </test> <!-- mmtTest -->
  </suite> <!-- mmtSuite -->
</testng-results>
